<?xml version="1.0" encoding="UTF-8"?>
<!-- Generated by org.testng.reporters.JUnitReportReporter -->
<testsuite skipped="0" hostname="LAPTOP-UAPI8PLG" name="com.testng.DependsOnGroup" tests="2" failures="0" timestamp="2020-09-15T11:51:42 IST" time="0.050" errors="0">
  <testcase name="login" time="0.047" classname="com.testng.DependsOnGroup"/>
  <system-out/>
  <testcase name="logout" time="0.003" classname="com.testng.DependsOnGroup"/>
  <system-out/>
</testsuite> <!-- com.testng.DependsOnGroup -->
