<?xml version="1.0" encoding="UTF-8"?>
<!-- Generated by org.testng.reporters.JUnitReportReporter -->
<testsuite skipped="0" hostname="LAPTOP-UAPI8PLG" name="com.testng.ParallelExecution1" tests="3" failures="0" timestamp="2020-09-15T10:23:44 IST" time="0.023" errors="0">
  <testcase name="testCase5" time="0.004" classname="com.testng.ParallelExecution1"/>
  <system-out/>
  <testcase name="testCase4" time="0.012" classname="com.testng.ParallelExecution1"/>
  <system-out/>
  <testcase name="testCase6" time="0.007" classname="com.testng.ParallelExecution1"/>
  <system-out/>
</testsuite> <!-- com.testng.ParallelExecution1 -->
