<?xml version="1.0" encoding="UTF-8"?>
<!-- Generated by org.testng.reporters.JUnitReportReporter -->
<testsuite skipped="0" hostname="LAPTOP-UAPI8PLG" name="com.testng.ParallelExecution" tests="3" failures="0" timestamp="2020-09-15T10:23:44 IST" time="0.026" errors="0">
  <testcase name="testCase3" time="0.008" classname="com.testng.ParallelExecution"/>
  <system-out/>
  <testcase name="testCase1" time="0.009" classname="com.testng.ParallelExecution"/>
  <system-out/>
  <testcase name="testCase2" time="0.009" classname="com.testng.ParallelExecution"/>
  <system-out/>
</testsuite> <!-- com.testng.ParallelExecution -->
