<?xml version="1.0" encoding="UTF-8"?>
<!-- Generated by org.testng.reporters.JUnitReportReporter -->
<testsuite skipped="0" hostname="LAPTOP-UAPI8PLG" name="com.testng.PriorityTestCase" tests="3" failures="0" timestamp="2020-09-15T10:23:44 IST" time="0.008" errors="0">
  <testcase name="testCase3" time="0.002" classname="com.testng.PriorityTestCase"/>
  <system-out/>
  <testcase name="testCase1" time="0.005" classname="com.testng.PriorityTestCase"/>
  <system-out/>
  <testcase name="testCase2" time="0.001" classname="com.testng.PriorityTestCase"/>
  <system-out/>
</testsuite> <!-- com.testng.PriorityTestCase -->
