<?xml version="1.0" encoding="UTF-8"?>
<!-- Generated by org.testng.reporters.JUnitReportReporter -->
<testsuite skipped="0" hostname="LAPTOP-UAPI8PLG" name="com.testng.OrangeHrmLogin" tests="1" failures="0" timestamp="2020-09-15T10:46:46 IST" time="30.048" errors="0">
  <testcase name="admin" time="30.048" classname="com.testng.OrangeHrmLogin"/>
  <system-out/>
</testsuite> <!-- com.testng.OrangeHrmLogin -->
