<?xml version="1.0" encoding="UTF-8"?>
<!-- Generated by org.testng.reporters.JUnitReportReporter -->
<testsuite skipped="1" hostname="LAPTOP-UAPI8PLG" name="com.testng.SampleTestCase" tests="3" failures="0" timestamp="2020-09-15T11:55:27 IST" time="0.023" errors="0">
  <testcase name="testCase1" time="0.016" classname="com.testng.SampleTestCase"/>
  <system-out/>
  <testcase name="testCase3" time="0.007" classname="com.testng.SampleTestCase"/>
  <system-out/>
  <testcase name="testCase2" classname="com.testng.SampleTestCase">
    <skipped/>
  </testcase> <!-- testCase2 -->
  <system-out/>
</testsuite> <!-- com.testng.SampleTestCase -->
