<?xml version="1.0" encoding="UTF-8"?>
<!-- Generated by org.testng.reporters.JUnitReportReporter -->
<testsuite skipped="0" hostname="LAPTOP-UAPI8PLG" name="com.selenium_assignment1.Parameterized_DataProvider" tests="3" failures="0" timestamp="2020-09-15T12:22:34 IST" time="50.017" errors="0">
  <testcase name="loginFlipKart" time="16.670" classname="com.selenium_assignment1.Parameterized_DataProvider"/>
  <system-out/>
  <testcase name="loginFlipKart" time="16.320" classname="com.selenium_assignment1.Parameterized_DataProvider"/>
  <system-out/>
  <testcase name="loginFlipKart" time="17.027" classname="com.selenium_assignment1.Parameterized_DataProvider"/>
  <system-out/>
</testsuite> <!-- com.selenium_assignment1.Parameterized_DataProvider -->
