<?xml version="1.0" encoding="UTF-8"?>
<!-- Generated by org.testng.reporters.JUnitReportReporter -->
<testsuite skipped="0" hostname="LAPTOP-UAPI8PLG" name="com.selenium_assignment1.FlipkartLogin" tests="1" failures="0" timestamp="2020-09-15T18:59:32 IST" time="2.032" errors="0">
  <testcase name="admin" time="2.032" classname="com.selenium_assignment1.FlipkartLogin"/>
  <system-out/>
</testsuite> <!-- com.selenium_assignment1.FlipkartLogin -->
